#
# There is insufficient memory for the Java Runtime Environment to continue.
# Native memory allocation (mmap) failed to map 65536 bytes. Error detail: Failed to commit metaspace.
# Possible reasons:
#   The system is out of physical RAM or swap space
#   This process is running with CompressedOops enabled, and the Java Heap may be blocking the growth of the native heap
# Possible solutions:
#   Reduce memory load on the system
#   Increase physical memory or swap space
#   Check if swap backing store is full
#   Decrease Java heap size (-Xmx/-Xms)
#   Decrease number of Java threads
#   Decrease Java thread stack sizes (-Xss)
#   Set larger code cache with -XX:ReservedCodeCacheSize=
#   JVM is running with Zero Based Compressed Oops mode in which the Java heap is
#     placed in the first 32GB address space. The Java Heap base address is the
#     maximum limit for the native heap growth. Please use -XX:HeapBaseMinAddress
#     to set the Java Heap base and to place the Java Heap above 32GB virtual address.
# This output file may be truncated or incomplete.
#
#  Out of Memory Error (virtualSpaceNode.cpp:113), pid=27592, tid=12112
#
# JRE version: OpenJDK Runtime Environment JBR-21.0.7+9-895.130-jcef (21.0.7+9) (build 21.0.7+9-b895.130)
# Java VM: OpenJDK 64-Bit Server VM JBR-21.0.7+9-895.130-jcef (21.0.7+9-b895.130, mixed mode, sharing, tiered, compressed oops, compressed class ptrs, g1 gc, windows-amd64)
# No core dump will be written. Minidumps are not enabled by default on client versions of Windows
#

---------------  S U M M A R Y ------------

Command Line: git4idea.http.GitAskPassApp Username for 'https://github.com': 

Host: Intel(R) Core(TM) i7-9850H CPU @ 2.60GHz, 12 cores, 15G,  Windows 11 , 64 bit Build 26100 (10.0.26100.7309)
Time: Sun Dec 28 20:26:48 2025 São Tomé (heure standard) elapsed time: 2.678896 seconds (0d 0h 0m 2s)

---------------  T H R E A D  ---------------

Current thread (0x000002670b645520):  JavaThread "main"             [_thread_in_vm, id=12112, stack(0x00000088d7a00000,0x00000088d7b00000) (1024K)]

Stack: [0x00000088d7a00000,0x00000088d7b00000]
Native frames: (J=compiled Java code, j=interpreted, Vv=VM code, C=native code)
V  [jvm.dll+0x6e6049]
V  [jvm.dll+0x8c4343]
V  [jvm.dll+0x8c689e]
V  [jvm.dll+0x8c6f83]
V  [jvm.dll+0x289266]
V  [jvm.dll+0x8bf18e]
V  [jvm.dll+0x686d15]
V  [jvm.dll+0x686d7a]
V  [jvm.dll+0x689596]
V  [jvm.dll+0x689462]
V  [jvm.dll+0x6876ce]
V  [jvm.dll+0x2728bf]
V  [jvm.dll+0x691955]
V  [jvm.dll+0x21d2ac]
V  [jvm.dll+0x21d7f5]
V  [jvm.dll+0x21e1d6]
V  [jvm.dll+0x213229]
V  [jvm.dll+0x5c47b3]
V  [jvm.dll+0x224c6b]
V  [jvm.dll+0x83b08c]
V  [jvm.dll+0x83c132]
V  [jvm.dll+0x83c6f4]
V  [jvm.dll+0x83c388]
V  [jvm.dll+0x27629b]
V  [jvm.dll+0x3e3c2e]
C  0x000002671901a994

The last pc belongs to new (printed below).
Java frames: (J=compiled Java code, j=interpreted, Vv=VM code)
j  java.net.InetSocketAddress.<init>(Ljava/lang/String;I)V+28 java.base@21.0.7
j  jdk.internal.net.http.HttpRequestImpl.lambda$getAddress$5(Ljava/lang/String;I)Ljava/net/InetSocketAddress;+6 java.net.http@21.0.7
j  jdk.internal.net.http.HttpRequestImpl$$Lambda+0x000002672a091650.run()Ljava/lang/Object;+8 java.net.http@21.0.7
j  java.security.AccessController.executePrivileged(Ljava/security/PrivilegedAction;Ljava/security/AccessControlContext;Ljava/lang/Class;)Ljava/lang/Object;+29 java.base@21.0.7
j  java.security.AccessController.doPrivileged(Ljava/security/PrivilegedAction;)Ljava/lang/Object;+5 java.base@21.0.7
j  jdk.internal.net.http.HttpRequestImpl.getAddress()Ljava/net/InetSocketAddress;+73 java.net.http@21.0.7
j  jdk.internal.net.http.Http2Connection.keyFor(Ljdk/internal/net/http/HttpRequestImpl;)Ljava/lang/String;+1 java.net.http@21.0.7
j  jdk.internal.net.http.Http2ClientImpl.getConnectionFor(Ljdk/internal/net/http/HttpRequestImpl;Ljdk/internal/net/http/Exchange;)Ljava/util/concurrent/CompletableFuture;+1 java.net.http@21.0.7
j  jdk.internal.net.http.ExchangeImpl.get(Ljdk/internal/net/http/Exchange;Ljdk/internal/net/http/HttpConnection;)Ljava/util/concurrent/CompletableFuture;+53 java.net.http@21.0.7
j  jdk.internal.net.http.Exchange.establishExchange(Ljdk/internal/net/http/HttpConnection;)Ljava/util/concurrent/CompletableFuture;+104 java.net.http@21.0.7
j  jdk.internal.net.http.Exchange.responseAsyncImpl0(Ljdk/internal/net/http/HttpConnection;)Ljava/util/concurrent/CompletableFuture;+65 java.net.http@21.0.7
j  jdk.internal.net.http.Exchange.responseAsyncImpl(Ljdk/internal/net/http/HttpConnection;)Ljava/util/concurrent/CompletableFuture;+16 java.net.http@21.0.7
j  jdk.internal.net.http.Exchange.responseAsync()Ljava/util/concurrent/CompletableFuture;+2 java.net.http@21.0.7
j  jdk.internal.net.http.MultiExchange.responseAsyncImpl()Ljava/util/concurrent/CompletableFuture;+100 java.net.http@21.0.7
j  jdk.internal.net.http.MultiExchange.lambda$responseAsync0$2(Ljava/lang/Void;)Ljava/util/concurrent/CompletionStage;+1 java.net.http@21.0.7
j  jdk.internal.net.http.MultiExchange$$Lambda+0x000002672a08eaa8.apply(Ljava/lang/Object;)Ljava/lang/Object;+8 java.net.http@21.0.7
j  java.util.concurrent.CompletableFuture$UniCompose.tryFire(I)Ljava/util/concurrent/CompletableFuture;+105 java.base@21.0.7
j  java.util.concurrent.CompletableFuture.postComplete()V+76 java.base@21.0.7
j  java.util.concurrent.CompletableFuture$AsyncSupply.run()V+57 java.base@21.0.7
j  jdk.internal.net.http.HttpClientImpl$DelegatingExecutor.execute(Ljava/lang/Runnable;)V+21 java.net.http@21.0.7
j  java.util.concurrent.CompletableFuture.completeAsync(Ljava/util/function/Supplier;Ljava/util/concurrent/Executor;)Ljava/util/concurrent/CompletableFuture;+26 java.base@21.0.7
j  jdk.internal.net.http.MultiExchange.responseAsync(Ljava/util/concurrent/Executor;)Ljava/util/concurrent/CompletableFuture;+29 java.net.http@21.0.7
j  jdk.internal.net.http.HttpClientImpl.sendAsync(Ljava/net/http/HttpRequest;Ljava/net/http/HttpResponse$BodyHandler;Ljava/net/http/HttpResponse$PushPromiseHandler;Ljava/util/concurrent/Executor;)Ljava/util/concurrent/CompletableFuture;+246 java.net.http@21.0.7
j  jdk.internal.net.http.HttpClientImpl.send(Ljava/net/http/HttpRequest;Ljava/net/http/HttpResponse$BodyHandler;)Ljava/net/http/HttpResponse;+21 java.net.http@21.0.7
j  jdk.internal.net.http.HttpClientFacade.send(Ljava/net/http/HttpRequest;Ljava/net/http/HttpResponse$BodyHandler;)Ljava/net/http/HttpResponse;+6 java.net.http@21.0.7
j  externalApp.ExternalAppUtil.sendIdeRequest(Ljava/lang/String;ILjava/lang/String;Ljava/lang/String;)LexternalApp/ExternalAppUtil$Result;+168
j  git4idea.http.GitAskPassApp.main([Ljava/lang/String;)V+37
v  ~StubRoutines::call_stub 0x000002671900100d
new  187 new  [0x000002671901a800, 0x000002671901aa08]  520 bytes
[MachCode]
  0x000002671901a800: 4883 ec08 | c5fa 1104 | 24eb 1f48 | 83ec 10c5 | fb11 0424 | eb14 4883 | ec10 4889 | 0424 48c7 
  0x000002671901a820: 4424 0800 | 0000 00eb | 0150 410f | b755 010f | cac1 ea10 | 488b 4de8 | 488b 4908 | 488b 4908 
  0x000002671901a840: 488b 4108 | 807c 1004 | 070f 85d3 | 0000 0066 | 8b54 d148 | 488b 4928 | 488b 4cd1 | 0851 80b9 
  0x000002671901a860: 4101 0000 | 040f 85b6 | 0000 008b | 5108 f6c2 | 010f 85aa | 0000 0049 | 8b87 b801 | 0000 488d 
  0x000002671901a880: 1c10 493b | 9fc8 0100 | 000f 8792 | 0000 0049 | 899f b801 | 0000 4883 | ea10 0f84 | 0f00 0000 
  0x000002671901a8a0: 33c9 c1ea | 0348 894c | d008 48ff | ca75 f648 | c700 0100 | 0000 5933 | f689 700c | 49ba 0000 
  0x000002671901a8c0: 0029 6702 | 0000 492b | ca89 4808 | 49ba ff6d | 5991 fb7f | 0000 4180 | 3a00 0f84 | 3c00 0000 
  0x000002671901a8e0: 5048 8bc8 | 4883 ec20 | 40f6 c40f | 0f84 1900 | 0000 4883 | ec08 48b8 | a0d3 0291 | fb7f 0000 
  0x000002671901a900: ffd0 4883 | c408 e90c | 0000 0048 | b8a0 d302 | 91fb 7f00 | 00ff d048 | 83c4 2058 | e9cb 0000 
  0x000002671901a920: 0059 488b | 55e8 488b | 5208 488b | 5208 450f | b745 0141 | 0fc8 41c1 | e810 e805 | 0000 00e9 
  0x000002671901a940: a800 0000 | 488d 4424 | 084c 896d | c049 8bcf | c5f8 7749 | 89af a803 | 0000 4989 | 8798 0300 
  0x000002671901a960: 0048 83ec | 2040 f6c4 | 0f0f 8419 | 0000 0048 | 83ec 0848 | b8e0 3bcc | 90fb 7f00 | 00ff d048 
  0x000002671901a980: 83c4 08e9 | 0c00 0000 | 48b8 e03b | cc90 fb7f | 0000 ffd0 | 4883 c420 | 49c7 8798 | 0300 0000 
  0x000002671901a9a0: 0000 0049 | c787 a803 | 0000 0000 | 0000 49c7 | 87a0 0300 | 0000 0000 | 00c5 f877 | 4983 7f08 
  0x000002671901a9c0: 000f 8405 | 0000 00e9 | 3465 feff | 498b 87f0 | 0300 0049 | c787 f003 | 0000 0000 | 0000 4c8b 
  0x000002671901a9e0: 6dc0 4c8b | 75c8 4e8d | 74f5 00c3 | 410f b65d | 0349 83c5 | 0349 ba40 | 385c 91fb | 7f00 0041 
  0x000002671901aa00: ff24 da0f | 1f44 0000 
[/MachCode]

---------------  P R O C E S S  ---------------

Threads class SMR info:
_java_thread_list=0x000002676e9aa1d0, length=13, elements={
0x000002670b645520, 0x000002672833c740, 0x000002672833f2a0, 0x00000267283468c0,
0x00000267283478d0, 0x0000026728350ea0, 0x0000026728352590, 0x0000026728354290,
0x000002676e0100a0, 0x000002676e164bd0, 0x000002676e169410, 0x000002676e266980,
0x000002676ea1a4a0
}

Java Threads: ( => current thread )
=>0x000002670b645520 JavaThread "main"                              [_thread_in_vm, id=12112, stack(0x00000088d7a00000,0x00000088d7b00000) (1024K)]
  0x000002672833c740 JavaThread "Reference Handler"          daemon [_thread_blocked, id=16696, stack(0x00000088d8200000,0x00000088d8300000) (1024K)]
  0x000002672833f2a0 JavaThread "Finalizer"                  daemon [_thread_blocked, id=22824, stack(0x00000088d8300000,0x00000088d8400000) (1024K)]
  0x00000267283468c0 JavaThread "Signal Dispatcher"          daemon [_thread_blocked, id=16004, stack(0x00000088d8400000,0x00000088d8500000) (1024K)]
  0x00000267283478d0 JavaThread "Attach Listener"            daemon [_thread_blocked, id=26608, stack(0x00000088d8500000,0x00000088d8600000) (1024K)]
  0x0000026728350ea0 JavaThread "Service Thread"             daemon [_thread_blocked, id=3248, stack(0x00000088d8600000,0x00000088d8700000) (1024K)]
  0x0000026728352590 JavaThread "Monitor Deflation Thread"   daemon [_thread_blocked, id=7932, stack(0x00000088d8700000,0x00000088d8800000) (1024K)]
  0x0000026728354290 JavaThread "C2 CompilerThread0"         daemon [_thread_blocked, id=13344, stack(0x00000088d8800000,0x00000088d8900000) (1024K)]
  0x000002676e0100a0 JavaThread "C1 CompilerThread0"         daemon [_thread_in_vm, id=17548, stack(0x00000088d8900000,0x00000088d8a00000) (1024K)]
  0x000002676e164bd0 JavaThread "Notification Thread"        daemon [_thread_blocked, id=24536, stack(0x00000088d8a00000,0x00000088d8b00000) (1024K)]
  0x000002676e169410 JavaThread "Common-Cleaner"             daemon [_thread_blocked, id=26312, stack(0x00000088d8b00000,0x00000088d8c00000) (1024K)]
  0x000002676e266980 JavaThread "C2 CompilerThread1"         daemon [_thread_blocked, id=2916, stack(0x00000088d8c00000,0x00000088d8d00000) (1024K)]
  0x000002676ea1a4a0 JavaThread "HttpClient-1-SelectorManager" daemon [_thread_in_native, id=27492, stack(0x00000088d8d00000,0x00000088d8e00000) (1024K)]
Total: 13

Other Threads:
  0x000002672831b3d0 VMThread "VM Thread"                           [id=19716, stack(0x00000088d8100000,0x00000088d8200000) (1024K)] _threads_hazard_ptr=0x000002676e9aa1d0
  0x000002672830c260 WatcherThread "VM Periodic Task Thread"        [id=17460, stack(0x00000088d8000000,0x00000088d8100000) (1024K)]
  0x000002670daf1650 WorkerThread "GC Thread#0"                     [id=26940, stack(0x00000088d7b00000,0x00000088d7c00000) (1024K)]
  0x000002670db022c0 ConcurrentGCThread "G1 Main Marker"            [id=14168, stack(0x00000088d7c00000,0x00000088d7d00000) (1024K)]
  0x000002670db03c40 WorkerThread "G1 Conc#0"                       [id=10492, stack(0x00000088d7d00000,0x00000088d7e00000) (1024K)]
  0x000002670db4e870 ConcurrentGCThread "G1 Refine#0"               [id=22580, stack(0x00000088d7e00000,0x00000088d7f00000) (1024K)]
  0x00000267281e06d0 ConcurrentGCThread "G1 Service"                [id=18808, stack(0x00000088d7f00000,0x00000088d8000000) (1024K)]
Total: 7

Threads with active compile tasks:
C1 CompilerThread0  2733  862       3       java.lang.Module::isNamed (13 bytes)
Total: 1

VM state: synchronizing (normal execution)

VM Mutex/Monitor currently owned by a thread:  ([mutex/lock_event])
[0x00007ffb915ad838] Metaspace_lock - owner thread: 0x000002670b645520
[0x00007ffb915af9b8] Threads_lock - owner thread: 0x000002672831b3d0

Heap address: 0x0000000703600000, size: 4042 MB, Compressed Oops mode: Zero based, Oop shift amount: 3

CDS archive(s) mapped at: [0x0000026729000000-0x0000026729d10000-0x0000026729d10000), size 13697024, SharedBaseAddress: 0x0000026729000000, ArchiveRelocationMode: 1.
Compressed class space mapped at: 0x000002672a000000-0x000002676a000000, reserved size: 1073741824
Narrow klass base: 0x0000026729000000, Narrow klass shift: 0, Narrow klass range: 0x100000000

GC Precious Log:
 CardTable entry size: 512
 Card Set container configuration: InlinePtr #cards 4 size 8 Array Of Cards #cards 16 size 48 Howl #buckets 8 coarsen threshold 3686 Howl Bitmap #cards 512 size 80 coarsen threshold 460 Card regions per heap region 1 cards per card region 4096
 CPUs: 12 total, 12 available
 Memory: 16165M
 Large Page Support: Disabled
 NUMA Support: Disabled
 Compressed Oops: Enabled (Zero based)
 Heap Region Size: 2M
 Heap Min Capacity: 8M
 Heap Initial Capacity: 254M
 Heap Max Capacity: 4042M
 Pre-touch: Disabled
 Parallel Workers: 10
 Concurrent Workers: 3
 Concurrent Refinement Workers: 10
 Periodic GC: Disabled

Heap:
 garbage-first heap   total 260096K, used 10240K [0x0000000703600000, 0x0000000800000000)
  region size 2048K, 6 young (12288K), 0 survivors (0K)
 Metaspace       used 6052K, committed 6272K, reserved 1114112K
  class space    used 646K, committed 768K, reserved 1048576K

Heap Regions: E=young(eden), S=young(survivor), O=old, HS=humongous(starts), HC=humongous(continues), CS=collection set, F=free, TAMS=top-at-mark-start, PB=parsable bottom
|   0|0x0000000703600000, 0x0000000703600000, 0x0000000703800000|  0%| F|  |TAMS 0x0000000703600000| PB 0x0000000703600000| Untracked 
|   1|0x0000000703800000, 0x0000000703800000, 0x0000000703a00000|  0%| F|  |TAMS 0x0000000703800000| PB 0x0000000703800000| Untracked 
|   2|0x0000000703a00000, 0x0000000703a00000, 0x0000000703c00000|  0%| F|  |TAMS 0x0000000703a00000| PB 0x0000000703a00000| Untracked 
|   3|0x0000000703c00000, 0x0000000703c00000, 0x0000000703e00000|  0%| F|  |TAMS 0x0000000703c00000| PB 0x0000000703c00000| Untracked 
|   4|0x0000000703e00000, 0x0000000703e00000, 0x0000000704000000|  0%| F|  |TAMS 0x0000000703e00000| PB 0x0000000703e00000| Untracked 
|   5|0x0000000704000000, 0x0000000704000000, 0x0000000704200000|  0%| F|  |TAMS 0x0000000704000000| PB 0x0000000704000000| Untracked 
|   6|0x0000000704200000, 0x0000000704200000, 0x0000000704400000|  0%| F|  |TAMS 0x0000000704200000| PB 0x0000000704200000| Untracked 
|   7|0x0000000704400000, 0x0000000704400000, 0x0000000704600000|  0%| F|  |TAMS 0x0000000704400000| PB 0x0000000704400000| Untracked 
|   8|0x0000000704600000, 0x0000000704600000, 0x0000000704800000|  0%| F|  |TAMS 0x0000000704600000| PB 0x0000000704600000| Untracked 
|   9|0x0000000704800000, 0x0000000704800000, 0x0000000704a00000|  0%| F|  |TAMS 0x0000000704800000| PB 0x0000000704800000| Untracked 
|  10|0x0000000704a00000, 0x0000000704a00000, 0x0000000704c00000|  0%| F|  |TAMS 0x0000000704a00000| PB 0x0000000704a00000| Untracked 
|  11|0x0000000704c00000, 0x0000000704c00000, 0x0000000704e00000|  0%| F|  |TAMS 0x0000000704c00000| PB 0x0000000704c00000| Untracked 
|  12|0x0000000704e00000, 0x0000000704e00000, 0x0000000705000000|  0%| F|  |TAMS 0x0000000704e00000| PB 0x0000000704e00000| Untracked 
|  13|0x0000000705000000, 0x0000000705000000, 0x0000000705200000|  0%| F|  |TAMS 0x0000000705000000| PB 0x0000000705000000| Untracked 
|  14|0x0000000705200000, 0x0000000705200000, 0x0000000705400000|  0%| F|  |TAMS 0x0000000705200000| PB 0x0000000705200000| Untracked 
|  15|0x0000000705400000, 0x0000000705400000, 0x0000000705600000|  0%| F|  |TAMS 0x0000000705400000| PB 0x0000000705400000| Untracked 
|  16|0x0000000705600000, 0x0000000705600000, 0x0000000705800000|  0%| F|  |TAMS 0x0000000705600000| PB 0x0000000705600000| Untracked 
|  17|0x0000000705800000, 0x0000000705800000, 0x0000000705a00000|  0%| F|  |TAMS 0x0000000705800000| PB 0x0000000705800000| Untracked 
|  18|0x0000000705a00000, 0x0000000705a00000, 0x0000000705c00000|  0%| F|  |TAMS 0x0000000705a00000| PB 0x0000000705a00000| Untracked 
|  19|0x0000000705c00000, 0x0000000705c00000, 0x0000000705e00000|  0%| F|  |TAMS 0x0000000705c00000| PB 0x0000000705c00000| Untracked 
|  20|0x0000000705e00000, 0x0000000705e00000, 0x0000000706000000|  0%| F|  |TAMS 0x0000000705e00000| PB 0x0000000705e00000| Untracked 
|  21|0x0000000706000000, 0x0000000706000000, 0x0000000706200000|  0%| F|  |TAMS 0x0000000706000000| PB 0x0000000706000000| Untracked 
|  22|0x0000000706200000, 0x0000000706200000, 0x0000000706400000|  0%| F|  |TAMS 0x0000000706200000| PB 0x0000000706200000| Untracked 
|  23|0x0000000706400000, 0x0000000706400000, 0x0000000706600000|  0%| F|  |TAMS 0x0000000706400000| PB 0x0000000706400000| Untracked 
|  24|0x0000000706600000, 0x0000000706600000, 0x0000000706800000|  0%| F|  |TAMS 0x0000000706600000| PB 0x0000000706600000| Untracked 
|  25|0x0000000706800000, 0x0000000706800000, 0x0000000706a00000|  0%| F|  |TAMS 0x0000000706800000| PB 0x0000000706800000| Untracked 
|  26|0x0000000706a00000, 0x0000000706a00000, 0x0000000706c00000|  0%| F|  |TAMS 0x0000000706a00000| PB 0x0000000706a00000| Untracked 
|  27|0x0000000706c00000, 0x0000000706c00000, 0x0000000706e00000|  0%| F|  |TAMS 0x0000000706c00000| PB 0x0000000706c00000| Untracked 
|  28|0x0000000706e00000, 0x0000000706e00000, 0x0000000707000000|  0%| F|  |TAMS 0x0000000706e00000| PB 0x0000000706e00000| Untracked 
|  29|0x0000000707000000, 0x0000000707000000, 0x0000000707200000|  0%| F|  |TAMS 0x0000000707000000| PB 0x0000000707000000| Untracked 
|  30|0x0000000707200000, 0x0000000707200000, 0x0000000707400000|  0%| F|  |TAMS 0x0000000707200000| PB 0x0000000707200000| Untracked 
|  31|0x0000000707400000, 0x0000000707400000, 0x0000000707600000|  0%| F|  |TAMS 0x0000000707400000| PB 0x0000000707400000| Untracked 
|  32|0x0000000707600000, 0x0000000707600000, 0x0000000707800000|  0%| F|  |TAMS 0x0000000707600000| PB 0x0000000707600000| Untracked 
|  33|0x0000000707800000, 0x0000000707800000, 0x0000000707a00000|  0%| F|  |TAMS 0x0000000707800000| PB 0x0000000707800000| Untracked 
|  34|0x0000000707a00000, 0x0000000707a00000, 0x0000000707c00000|  0%| F|  |TAMS 0x0000000707a00000| PB 0x0000000707a00000| Untracked 
|  35|0x0000000707c00000, 0x0000000707c00000, 0x0000000707e00000|  0%| F|  |TAMS 0x0000000707c00000| PB 0x0000000707c00000| Untracked 
|  36|0x0000000707e00000, 0x0000000707e00000, 0x0000000708000000|  0%| F|  |TAMS 0x0000000707e00000| PB 0x0000000707e00000| Untracked 
|  37|0x0000000708000000, 0x0000000708000000, 0x0000000708200000|  0%| F|  |TAMS 0x0000000708000000| PB 0x0000000708000000| Untracked 
|  38|0x0000000708200000, 0x0000000708200000, 0x0000000708400000|  0%| F|  |TAMS 0x0000000708200000| PB 0x0000000708200000| Untracked 
|  39|0x0000000708400000, 0x0000000708400000, 0x0000000708600000|  0%| F|  |TAMS 0x0000000708400000| PB 0x0000000708400000| Untracked 
|  40|0x0000000708600000, 0x0000000708600000, 0x0000000708800000|  0%| F|  |TAMS 0x0000000708600000| PB 0x0000000708600000| Untracked 
|  41|0x0000000708800000, 0x0000000708800000, 0x0000000708a00000|  0%| F|  |TAMS 0x0000000708800000| PB 0x0000000708800000| Untracked 
|  42|0x0000000708a00000, 0x0000000708a00000, 0x0000000708c00000|  0%| F|  |TAMS 0x0000000708a00000| PB 0x0000000708a00000| Untracked 
|  43|0x0000000708c00000, 0x0000000708c00000, 0x0000000708e00000|  0%| F|  |TAMS 0x0000000708c00000| PB 0x0000000708c00000| Untracked 
|  44|0x0000000708e00000, 0x0000000708e00000, 0x0000000709000000|  0%| F|  |TAMS 0x0000000708e00000| PB 0x0000000708e00000| Untracked 
|  45|0x0000000709000000, 0x0000000709000000, 0x0000000709200000|  0%| F|  |TAMS 0x0000000709000000| PB 0x0000000709000000| Untracked 
|  46|0x0000000709200000, 0x0000000709200000, 0x0000000709400000|  0%| F|  |TAMS 0x0000000709200000| PB 0x0000000709200000| Untracked 
|  47|0x0000000709400000, 0x0000000709400000, 0x0000000709600000|  0%| F|  |TAMS 0x0000000709400000| PB 0x0000000709400000| Untracked 
|  48|0x0000000709600000, 0x0000000709600000, 0x0000000709800000|  0%| F|  |TAMS 0x0000000709600000| PB 0x0000000709600000| Untracked 
|  49|0x0000000709800000, 0x0000000709800000, 0x0000000709a00000|  0%| F|  |TAMS 0x0000000709800000| PB 0x0000000709800000| Untracked 
|  50|0x0000000709a00000, 0x0000000709a00000, 0x0000000709c00000|  0%| F|  |TAMS 0x0000000709a00000| PB 0x0000000709a00000| Untracked 
|  51|0x0000000709c00000, 0x0000000709c00000, 0x0000000709e00000|  0%| F|  |TAMS 0x0000000709c00000| PB 0x0000000709c00000| Untracked 
|  52|0x0000000709e00000, 0x0000000709e00000, 0x000000070a000000|  0%| F|  |TAMS 0x0000000709e00000| PB 0x0000000709e00000| Untracked 
|  53|0x000000070a000000, 0x000000070a000000, 0x000000070a200000|  0%| F|  |TAMS 0x000000070a000000| PB 0x000000070a000000| Untracked 
|  54|0x000000070a200000, 0x000000070a200000, 0x000000070a400000|  0%| F|  |TAMS 0x000000070a200000| PB 0x000000070a200000| Untracked 
|  55|0x000000070a400000, 0x000000070a400000, 0x000000070a600000|  0%| F|  |TAMS 0x000000070a400000| PB 0x000000070a400000| Untracked 
|  56|0x000000070a600000, 0x000000070a600000, 0x000000070a800000|  0%| F|  |TAMS 0x000000070a600000| PB 0x000000070a600000| Untracked 
|  57|0x000000070a800000, 0x000000070a800000, 0x000000070aa00000|  0%| F|  |TAMS 0x000000070a800000| PB 0x000000070a800000| Untracked 
|  58|0x000000070aa00000, 0x000000070aa00000, 0x000000070ac00000|  0%| F|  |TAMS 0x000000070aa00000| PB 0x000000070aa00000| Untracked 
|  59|0x000000070ac00000, 0x000000070ac00000, 0x000000070ae00000|  0%| F|  |TAMS 0x000000070ac00000| PB 0x000000070ac00000| Untracked 
|  60|0x000000070ae00000, 0x000000070ae00000, 0x000000070b000000|  0%| F|  |TAMS 0x000000070ae00000| PB 0x000000070ae00000| Untracked 
|  61|0x000000070b000000, 0x000000070b000000, 0x000000070b200000|  0%| F|  |TAMS 0x000000070b000000| PB 0x000000070b000000| Untracked 
|  62|0x000000070b200000, 0x000000070b200000, 0x000000070b400000|  0%| F|  |TAMS 0x000000070b200000| PB 0x000000070b200000| Untracked 
|  63|0x000000070b400000, 0x000000070b400000, 0x000000070b600000|  0%| F|  |TAMS 0x000000070b400000| PB 0x000000070b400000| Untracked 
|  64|0x000000070b600000, 0x000000070b600000, 0x000000070b800000|  0%| F|  |TAMS 0x000000070b600000| PB 0x000000070b600000| Untracked 
|  65|0x000000070b800000, 0x000000070b800000, 0x000000070ba00000|  0%| F|  |TAMS 0x000000070b800000| PB 0x000000070b800000| Untracked 
|  66|0x000000070ba00000, 0x000000070ba00000, 0x000000070bc00000|  0%| F|  |TAMS 0x000000070ba00000| PB 0x000000070ba00000| Untracked 
|  67|0x000000070bc00000, 0x000000070bc00000, 0x000000070be00000|  0%| F|  |TAMS 0x000000070bc00000| PB 0x000000070bc00000| Untracked 
|  68|0x000000070be00000, 0x000000070be00000, 0x000000070c000000|  0%| F|  |TAMS 0x000000070be00000| PB 0x000000070be00000| Untracked 
|  69|0x000000070c000000, 0x000000070c000000, 0x000000070c200000|  0%| F|  |TAMS 0x000000070c000000| PB 0x000000070c000000| Untracked 
|  70|0x000000070c200000, 0x000000070c200000, 0x000000070c400000|  0%| F|  |TAMS 0x000000070c200000| PB 0x000000070c200000| Untracked 
|  71|0x000000070c400000, 0x000000070c400000, 0x000000070c600000|  0%| F|  |TAMS 0x000000070c400000| PB 0x000000070c400000| Untracked 
|  72|0x000000070c600000, 0x000000070c600000, 0x000000070c800000|  0%| F|  |TAMS 0x000000070c600000| PB 0x000000070c600000| Untracked 
|  73|0x000000070c800000, 0x000000070c800000, 0x000000070ca00000|  0%| F|  |TAMS 0x000000070c800000| PB 0x000000070c800000| Untracked 
|  74|0x000000070ca00000, 0x000000070ca00000, 0x000000070cc00000|  0%| F|  |TAMS 0x000000070ca00000| PB 0x000000070ca00000| Untracked 
|  75|0x000000070cc00000, 0x000000070cc00000, 0x000000070ce00000|  0%| F|  |TAMS 0x000000070cc00000| PB 0x000000070cc00000| Untracked 
|  76|0x000000070ce00000, 0x000000070ce00000, 0x000000070d000000|  0%| F|  |TAMS 0x000000070ce00000| PB 0x000000070ce00000| Untracked 
|  77|0x000000070d000000, 0x000000070d000000, 0x000000070d200000|  0%| F|  |TAMS 0x000000070d000000| PB 0x000000070d000000| Untracked 
|  78|0x000000070d200000, 0x000000070d200000, 0x000000070d400000|  0%| F|  |TAMS 0x000000070d200000| PB 0x000000070d200000| Untracked 
|  79|0x000000070d400000, 0x000000070d400000, 0x000000070d600000|  0%| F|  |TAMS 0x000000070d400000| PB 0x000000070d400000| Untracked 
|  80|0x000000070d600000, 0x000000070d600000, 0x000000070d800000|  0%| F|  |TAMS 0x000000070d600000| PB 0x000000070d600000| Untracked 
|  81|0x000000070d800000, 0x000000070d800000, 0x000000070da00000|  0%| F|  |TAMS 0x000000070d800000| PB 0x000000070d800000| Untracked 
|  82|0x000000070da00000, 0x000000070da00000, 0x000000070dc00000|  0%| F|  |TAMS 0x000000070da00000| PB 0x000000070da00000| Untracked 
|  83|0x000000070dc00000, 0x000000070dc00000, 0x000000070de00000|  0%| F|  |TAMS 0x000000070dc00000| PB 0x000000070dc00000| Untracked 
|  84|0x000000070de00000, 0x000000070de00000, 0x000000070e000000|  0%| F|  |TAMS 0x000000070de00000| PB 0x000000070de00000| Untracked 
|  85|0x000000070e000000, 0x000000070e000000, 0x000000070e200000|  0%| F|  |TAMS 0x000000070e000000| PB 0x000000070e000000| Untracked 
|  86|0x000000070e200000, 0x000000070e200000, 0x000000070e400000|  0%| F|  |TAMS 0x000000070e200000| PB 0x000000070e200000| Untracked 
|  87|0x000000070e400000, 0x000000070e400000, 0x000000070e600000|  0%| F|  |TAMS 0x000000070e400000| PB 0x000000070e400000| Untracked 
|  88|0x000000070e600000, 0x000000070e600000, 0x000000070e800000|  0%| F|  |TAMS 0x000000070e600000| PB 0x000000070e600000| Untracked 
|  89|0x000000070e800000, 0x000000070e800000, 0x000000070ea00000|  0%| F|  |TAMS 0x000000070e800000| PB 0x000000070e800000| Untracked 
|  90|0x000000070ea00000, 0x000000070ea00000, 0x000000070ec00000|  0%| F|  |TAMS 0x000000070ea00000| PB 0x000000070ea00000| Untracked 
|  91|0x000000070ec00000, 0x000000070ec00000, 0x000000070ee00000|  0%| F|  |TAMS 0x000000070ec00000| PB 0x000000070ec00000| Untracked 
|  92|0x000000070ee00000, 0x000000070ee00000, 0x000000070f000000|  0%| F|  |TAMS 0x000000070ee00000| PB 0x000000070ee00000| Untracked 
|  93|0x000000070f000000, 0x000000070f000000, 0x000000070f200000|  0%| F|  |TAMS 0x000000070f000000| PB 0x000000070f000000| Untracked 
|  94|0x000000070f200000, 0x000000070f200000, 0x000000070f400000|  0%| F|  |TAMS 0x000000070f200000| PB 0x000000070f200000| Untracked 
|  95|0x000000070f400000, 0x000000070f400000, 0x000000070f600000|  0%| F|  |TAMS 0x000000070f400000| PB 0x000000070f400000| Untracked 
|  96|0x000000070f600000, 0x000000070f600000, 0x000000070f800000|  0%| F|  |TAMS 0x000000070f600000| PB 0x000000070f600000| Untracked 
|  97|0x000000070f800000, 0x000000070f800000, 0x000000070fa00000|  0%| F|  |TAMS 0x000000070f800000| PB 0x000000070f800000| Untracked 
|  98|0x000000070fa00000, 0x000000070fa00000, 0x000000070fc00000|  0%| F|  |TAMS 0x000000070fa00000| PB 0x000000070fa00000| Untracked 
|  99|0x000000070fc00000, 0x000000070fc00000, 0x000000070fe00000|  0%| F|  |TAMS 0x000000070fc00000| PB 0x000000070fc00000| Untracked 
| 100|0x000000070fe00000, 0x000000070fe00000, 0x0000000710000000|  0%| F|  |TAMS 0x000000070fe00000| PB 0x000000070fe00000| Untracked 
| 101|0x0000000710000000, 0x0000000710000000, 0x0000000710200000|  0%| F|  |TAMS 0x0000000710000000| PB 0x0000000710000000| Untracked 
| 102|0x0000000710200000, 0x0000000710200000, 0x0000000710400000|  0%| F|  |TAMS 0x0000000710200000| PB 0x0000000710200000| Untracked 
| 103|0x0000000710400000, 0x0000000710400000, 0x0000000710600000|  0%| F|  |TAMS 0x0000000710400000| PB 0x0000000710400000| Untracked 
| 104|0x0000000710600000, 0x0000000710600000, 0x0000000710800000|  0%| F|  |TAMS 0x0000000710600000| PB 0x0000000710600000| Untracked 
| 105|0x0000000710800000, 0x0000000710800000, 0x0000000710a00000|  0%| F|  |TAMS 0x0000000710800000| PB 0x0000000710800000| Untracked 
| 106|0x0000000710a00000, 0x0000000710a00000, 0x0000000710c00000|  0%| F|  |TAMS 0x0000000710a00000| PB 0x0000000710a00000| Untracked 
| 107|0x0000000710c00000, 0x0000000710c00000, 0x0000000710e00000|  0%| F|  |TAMS 0x0000000710c00000| PB 0x0000000710c00000| Untracked 
| 108|0x0000000710e00000, 0x0000000710e00000, 0x0000000711000000|  0%| F|  |TAMS 0x0000000710e00000| PB 0x0000000710e00000| Untracked 
| 109|0x0000000711000000, 0x0000000711000000, 0x0000000711200000|  0%| F|  |TAMS 0x0000000711000000| PB 0x0000000711000000| Untracked 
| 110|0x0000000711200000, 0x0000000711200000, 0x0000000711400000|  0%| F|  |TAMS 0x0000000711200000| PB 0x0000000711200000| Untracked 
| 111|0x0000000711400000, 0x0000000711400000, 0x0000000711600000|  0%| F|  |TAMS 0x0000000711400000| PB 0x0000000711400000| Untracked 
| 112|0x0000000711600000, 0x0000000711600000, 0x0000000711800000|  0%| F|  |TAMS 0x0000000711600000| PB 0x0000000711600000| Untracked 
| 113|0x0000000711800000, 0x0000000711800000, 0x0000000711a00000|  0%| F|  |TAMS 0x0000000711800000| PB 0x0000000711800000| Untracked 
| 114|0x0000000711a00000, 0x0000000711a00000, 0x0000000711c00000|  0%| F|  |TAMS 0x0000000711a00000| PB 0x0000000711a00000| Untracked 
| 115|0x0000000711c00000, 0x0000000711c00000, 0x0000000711e00000|  0%| F|  |TAMS 0x0000000711c00000| PB 0x0000000711c00000| Untracked 
| 116|0x0000000711e00000, 0x0000000711e00000, 0x0000000712000000|  0%| F|  |TAMS 0x0000000711e00000| PB 0x0000000711e00000| Untracked 
| 117|0x0000000712000000, 0x0000000712000000, 0x0000000712200000|  0%| F|  |TAMS 0x0000000712000000| PB 0x0000000712000000| Untracked 
| 118|0x0000000712200000, 0x0000000712200000, 0x0000000712400000|  0%| F|  |TAMS 0x0000000712200000| PB 0x0000000712200000| Untracked 
| 119|0x0000000712400000, 0x0000000712400000, 0x0000000712600000|  0%| F|  |TAMS 0x0000000712400000| PB 0x0000000712400000| Untracked 
| 120|0x0000000712600000, 0x0000000712600000, 0x0000000712800000|  0%| F|  |TAMS 0x0000000712600000| PB 0x0000000712600000| Untracked 
| 121|0x0000000712800000, 0x0000000712952870, 0x0000000712a00000| 66%| E|  |TAMS 0x0000000712800000| PB 0x0000000712800000| Complete 
| 122|0x0000000712a00000, 0x0000000712c00000, 0x0000000712c00000|100%| E|CS|TAMS 0x0000000712a00000| PB 0x0000000712a00000| Complete 
| 123|0x0000000712c00000, 0x0000000712e00000, 0x0000000712e00000|100%| E|CS|TAMS 0x0000000712c00000| PB 0x0000000712c00000| Complete 
| 124|0x0000000712e00000, 0x0000000713000000, 0x0000000713000000|100%| E|CS|TAMS 0x0000000712e00000| PB 0x0000000712e00000| Complete 
| 125|0x0000000713000000, 0x0000000713200000, 0x0000000713200000|100%| E|CS|TAMS 0x0000000713000000| PB 0x0000000713000000| Complete 
| 126|0x0000000713200000, 0x0000000713400000, 0x0000000713400000|100%| E|CS|TAMS 0x0000000713200000| PB 0x0000000713200000| Complete 

Card table byte_map: [0x0000026721820000,0x0000026722010000] _byte_map_base: 0x000002671e005000

Marking Bits: (CMBitMap*) 0x000002670daf1d50
 Bits: [0x0000026722010000, 0x0000026725f38000)

Polling page: 0x000002670b600000

Metaspace:

Usage:
  Non-class:      5.28 MB used.
      Class:    646.61 KB used.
       Both:      5.91 MB used.

Virtual space:
  Non-class space:       64.00 MB reserved,       5.38 MB (  8%) committed,  1 nodes.
      Class space:        1.00 GB reserved,     768.00 KB ( <1%) committed,  1 nodes.
             Both:        1.06 GB reserved,       6.12 MB ( <1%) committed. 

Chunk freelists:
   Non-Class:  9.91 MB
       Class:  15.17 MB
        Both:  25.08 MB

MaxMetaspaceSize: unlimited
CompressedClassSpaceSize: 1.00 GB
Initial GC threshold: 21.00 MB
Current GC threshold: 21.00 MB
CDS: on
 - commit_granule_bytes: 65536.
 - commit_granule_words: 8192.
 - virtual_space_node_default_size: 8388608.
 - enlarge_chunks_in_place: 1.
 - use_allocation_guard: 0.


Internal statistics:

num_allocs_failed_limit: 0.
num_arena_births: 138.
num_arena_deaths: 0.
num_vsnodes_births: 2.
num_vsnodes_deaths: 0.
num_space_committed: 98.
num_space_uncommitted: 0.
num_chunks_returned_to_freelist: 0.
num_chunks_taken_from_freelist: 210.
num_chunk_merges: 0.
num_chunk_splits: 138.
num_chunks_enlarged: 87.
num_inconsistent_stats: 0.

CodeHeap 'non-profiled nmethods': size=120000Kb used=284Kb max_used=284Kb free=119715Kb
 bounds [0x00000267195a0000, 0x0000026719810000, 0x0000026720ad0000]
CodeHeap 'profiled nmethods': size=120000Kb used=1313Kb max_used=1313Kb free=118686Kb
 bounds [0x0000026711ad0000, 0x0000026711d40000, 0x0000026719000000]
CodeHeap 'non-nmethods': size=5760Kb used=1390Kb max_used=1405Kb free=4369Kb
 bounds [0x0000026719000000, 0x0000026719270000, 0x00000267195a0000]
 total_blobs=1348 nmethods=862 adapters=391
 compilation: enabled
              stopped_count=0, restarted_count=0
 full_count=0

Compilation events (20 events):
Event: 0.644 Thread 0x000002676e0100a0 nmethod 849 0x00000267195e5d90 code [0x00000267195e5f20, 0x00000267195e5ff0]
Event: 0.644 Thread 0x000002676e0100a0  850       1       jdk.internal.jimage.decompressor.CompressedResourceHeader::getUncompressedSize (5 bytes)
Event: 0.644 Thread 0x000002676e0100a0 nmethod 850 0x00000267195e6090 code [0x00000267195e6220, 0x00000267195e62e8]
Event: 0.644 Thread 0x000002676e0100a0  853       1       java.nio.HeapByteBuffer::isDirect (2 bytes)
Event: 0.644 Thread 0x000002676e0100a0 nmethod 853 0x00000267195e6390 code [0x00000267195e6520, 0x00000267195e65e8]
Event: 0.644 Thread 0x000002676e0100a0  845       1       jdk.internal.org.objectweb.asm.SymbolTable::getConstantPoolCount (5 bytes)
Event: 0.644 Thread 0x000002676e0100a0 nmethod 845 0x00000267195e6690 code [0x00000267195e6820, 0x00000267195e68e8]
Event: 0.646 Thread 0x000002676e0100a0  856   !   3       java.lang.invoke.MethodHandle::setVarargs (50 bytes)
Event: 0.647 Thread 0x000002676e0100a0 nmethod 856 0x0000026711c12c10 code [0x0000026711c12ec0, 0x0000026711c13a30]
Event: 0.647 Thread 0x000002676e0100a0  858       3       jdk.internal.org.objectweb.asm.SymbolTable$Entry::<init> (18 bytes)
Event: 0.647 Thread 0x000002676e0100a0 nmethod 858 0x0000026711c13e90 code [0x0000026711c14040, 0x0000026711c141b8]
Event: 0.647 Thread 0x000002676e0100a0  857       3       java.lang.invoke.MemberName::isVarargs (23 bytes)
Event: 0.647 Thread 0x000002676e0100a0 nmethod 857 0x0000026711c14290 code [0x0000026711c14460, 0x0000026711c147b8]
Event: 0.651 Thread 0x0000026728354290  859       4       jdk.internal.jimage.ImageStringsReader::unmaskedHashCode (166 bytes)
Event: 0.651 Thread 0x000002676e0100a0  860       3       jdk.internal.misc.Unsafe::makeLong (25 bytes)
Event: 0.652 Thread 0x000002676e0100a0 nmethod 860 0x0000026711c14910 code [0x0000026711c14ac0, 0x0000026711c14d60]
Event: 0.652 Thread 0x000002676e0100a0  861   !   3       java.util.concurrent.ConcurrentHashMap::computeIfAbsent (576 bytes)
Event: 0.653 Thread 0x0000026728354290 nmethod 859 0x00000267195e6990 code [0x00000267195e6b40, 0x00000267195e6d50]
Event: 0.654 Thread 0x000002676e0100a0 nmethod 861 0x0000026711c14e90 code [0x0000026711c152e0, 0x0000026711c175f0]
Event: 0.654 Thread 0x000002676e0100a0  862       3       java.lang.Module::isNamed (13 bytes)

GC Heap History (0 events):
No events

Dll operation events (2 events):
Event: 0.010 Loaded shared library C:\Program Files\JetBrains\IntelliJ IDEA 2025.1.2\jbr\bin\java.dll
Event: 0.072 Loaded shared library C:\Program Files\JetBrains\IntelliJ IDEA 2025.1.2\jbr\bin\zip.dll

Deoptimization events (20 events):
Event: 0.208 Thread 0x000002670b645520 Uncommon trap: trap_request=0xffffff45 fr.pc=0x00000267195b459c relative=0x000000000000007c
Event: 0.208 Thread 0x000002670b645520 Uncommon trap: reason=unstable_if action=reinterpret pc=0x00000267195b459c method=java.lang.CharacterDataLatin1.toLowerCase(I)I @ 16 c2
Event: 0.208 Thread 0x000002670b645520 DEOPT PACKING pc=0x00000267195b459c sp=0x00000088d7afb2c0
Event: 0.208 Thread 0x000002670b645520 DEOPT UNPACKING pc=0x00000267190546a2 sp=0x00000088d7afb250 mode 2
Event: 0.335 Thread 0x000002670b645520 DEOPT PACKING pc=0x0000026711b14e87 sp=0x00000088d7afe080
Event: 0.335 Thread 0x000002670b645520 DEOPT UNPACKING pc=0x0000026719054e42 sp=0x00000088d7afd518 mode 0
Event: 0.438 Thread 0x000002670b645520 DEOPT PACKING pc=0x0000026711b61e25 sp=0x00000088d7afdf40
Event: 0.438 Thread 0x000002670b645520 DEOPT UNPACKING pc=0x0000026719054e42 sp=0x00000088d7afd3d8 mode 0
Event: 0.450 Thread 0x000002670b645520 Uncommon trap: trap_request=0xffffff45 fr.pc=0x00000267195c0ab0 relative=0x0000000000000090
Event: 0.450 Thread 0x000002670b645520 Uncommon trap: reason=unstable_if action=reinterpret pc=0x00000267195c0ab0 method=jdk.internal.misc.Unsafe.convEndian(ZI)I @ 4 c2
Event: 0.450 Thread 0x000002670b645520 DEOPT PACKING pc=0x00000267195c0ab0 sp=0x00000088d7afe080
Event: 0.450 Thread 0x000002670b645520 DEOPT UNPACKING pc=0x00000267190546a2 sp=0x00000088d7afdfb0 mode 2
Event: 0.503 Thread 0x000002670b645520 DEOPT PACKING pc=0x0000026711ae8d4c sp=0x00000088d7afcbb0
Event: 0.503 Thread 0x000002670b645520 DEOPT UNPACKING pc=0x0000026719054e42 sp=0x00000088d7afbfd0 mode 0
Event: 0.528 Thread 0x000002670b645520 DEOPT PACKING pc=0x0000026711ae794c sp=0x00000088d7afe8b0
Event: 0.528 Thread 0x000002670b645520 DEOPT UNPACKING pc=0x0000026719054e42 sp=0x00000088d7afdd18 mode 0
Event: 0.643 Thread 0x000002670b645520 Uncommon trap: trap_request=0xffffff45 fr.pc=0x00000267195c52d4 relative=0x0000000000000194
Event: 0.643 Thread 0x000002670b645520 Uncommon trap: reason=unstable_if action=reinterpret pc=0x00000267195c52d4 method=java.lang.invoke.VarHandle.checkAccessModeThenIsDirect(Ljava/lang/invoke/VarHandle$AccessDescriptor;)Z @ 4 c2
Event: 0.643 Thread 0x000002670b645520 DEOPT PACKING pc=0x00000267195c52d4 sp=0x00000088d7aff110
Event: 0.643 Thread 0x000002670b645520 DEOPT UNPACKING pc=0x00000267190546a2 sp=0x00000088d7aff0e0 mode 2

Classes loaded (20 events):
Event: 0.637 Loading class java/util/Base64 done
Event: 0.637 Loading class java/util/Base64$Encoder
Event: 0.637 Loading class java/util/Base64$Encoder done
Event: 0.637 Loading class java/lang/MatchException
Event: 0.638 Loading class java/lang/MatchException done
Event: 0.641 Loading class java/net/URLPermission
Event: 0.641 Loading class java/net/URLPermission done
Event: 0.643 Loading class java/util/concurrent/CompletableFuture$UniCompose
Event: 0.643 Loading class java/util/concurrent/CompletableFuture$UniCompletion
Event: 0.643 Loading class java/util/concurrent/CompletableFuture$UniCompletion done
Event: 0.643 Loading class java/util/concurrent/CompletableFuture$UniCompose done
Event: 0.644 Loading class java/util/concurrent/CompletableFuture$UniComposeExceptionally
Event: 0.645 Loading class java/util/concurrent/CompletableFuture$UniComposeExceptionally done
Event: 0.645 Loading class java/util/concurrent/CompletableFuture$AsyncSupply
Event: 0.645 Loading class java/util/concurrent/CompletableFuture$AsyncSupply done
Event: 0.646 Loading class java/util/LinkedList$ListItr
Event: 0.646 Loading class java/util/LinkedList$ListItr done
Event: 0.649 Loading class java/lang/ExceptionInInitializerError
Event: 0.650 Loading class java/lang/ExceptionInInitializerError done
Event: 0.653 Loading class java/net/InetSocketAddress$InetSocketAddressHolder

Classes unloaded (0 events):
No events

Classes redefined (0 events):
No events

Internal exceptions (20 events):
Event: 0.471 Thread 0x000002670b645520 Exception <a 'java/lang/NoSuchMethodError'{0x0000000712cb7970}: 'int java.lang.invoke.DirectMethodHandle$Holder.invokeSpecial(java.lang.Object, java.lang.Object, java.lang.Object)'> (0x0000000712cb7970) 
thrown [s\src\hotspot\share\interpreter\linkResolver.cpp, line 784]
Event: 0.472 Thread 0x000002670b645520 Exception <a 'java/lang/NoSuchMethodError'{0x0000000712cbd3c8}: 'int java.lang.invoke.DirectMethodHandle$Holder.invokeStaticInit(java.lang.Object, java.lang.Object)'> (0x0000000712cbd3c8) 
thrown [s\src\hotspot\share\interpreter\linkResolver.cpp, line 784]
Event: 0.473 Thread 0x000002670b645520 Exception <a 'java/lang/NoSuchMethodError'{0x0000000712cc2d60}: 'int java.lang.invoke.DirectMethodHandle$Holder.invokeSpecialIFC(java.lang.Object, java.lang.Object, java.lang.Object)'> (0x0000000712cc2d60) 
thrown [s\src\hotspot\share\interpreter\linkResolver.cpp, line 784]
Event: 0.486 Thread 0x000002670b645520 Exception <a 'java/lang/NoSuchMethodError'{0x0000000712cf4cf0}: 'java.lang.Object java.lang.invoke.DirectMethodHandle$Holder.invokeStaticInit(java.lang.Object, java.lang.Object, java.lang.Object, java.lang.Object, java.lang.Object, java.lang.Object, java.lang.Object)'> (0x0000000712cf4cf0) 
thrown [s\src\hotspot\share\interpreter\linkResolver.cpp, line 784]
Event: 0.487 Thread 0x000002670b645520 Exception <a 'java/lang/NoSuchMethodError'{0x0000000712cfe238}: 'java.lang.Object java.lang.invoke.Invokers$Holder.invoke_MT(java.lang.Object, java.lang.Object, java.lang.Object, java.lang.Object, java.lang.Object, java.lang.Object, java.lang.Object, java.lang.Object, java.lang.Object, java.lang.Object)'> (0x0000000712cfe238) 
thrown [s\src\hotspot\share\interpreter\linkResolver.cpp, line 784]
Event: 0.491 Thread 0x000002670b645520 Exception <a 'java/lang/NoSuchMethodError'{0x0000000712d13d18}: 'void java.lang.invoke.DelegatingMethodHandle$Holder.delegate(java.lang.Object, java.lang.Object, int, java.lang.Object)'> (0x0000000712d13d18) 
thrown [s\src\hotspot\share\interpreter\linkResolver.cpp, line 784]
Event: 0.496 Thread 0x000002670b645520 Exception <a 'java/lang/NoSuchMethodError'{0x0000000712d35f88}: 'int java.lang.invoke.DirectMethodHandle$Holder.invokeVirtual(java.lang.Object, java.lang.Object, java.lang.Object)'> (0x0000000712d35f88) 
thrown [s\src\hotspot\share\interpreter\linkResolver.cpp, line 784]
Event: 0.496 Thread 0x000002670b645520 Exception <a 'java/lang/NoSuchMethodError'{0x0000000712d39678}: 'int java.lang.invoke.DirectMethodHandle$Holder.invokeVirtual(java.lang.Object, java.lang.Object)'> (0x0000000712d39678) 
thrown [s\src\hotspot\share\interpreter\linkResolver.cpp, line 784]
Event: 0.496 Thread 0x000002670b645520 Exception <a 'java/lang/NoSuchMethodError'{0x0000000712d3da20}: 'int java.lang.invoke.DirectMethodHandle$Holder.invokeStaticInit(java.lang.Object, int, int)'> (0x0000000712d3da20) 
thrown [s\src\hotspot\share\interpreter\linkResolver.cpp, line 784]
Event: 0.497 Thread 0x000002670b645520 Exception <a 'java/lang/NoSuchMethodError'{0x0000000712d45030}: 'int java.lang.invoke.DirectMethodHandle$Holder.invokeStaticInit(java.lang.Object, long, long)'> (0x0000000712d45030) 
thrown [s\src\hotspot\share\interpreter\linkResolver.cpp, line 784]
Event: 0.498 Thread 0x000002670b645520 Exception <a 'java/lang/NoSuchMethodError'{0x0000000712d4bac8}: 'int java.lang.invoke.DirectMethodHandle$Holder.invokeStaticInit(java.lang.Object, float, float)'> (0x0000000712d4bac8) 
thrown [s\src\hotspot\share\interpreter\linkResolver.cpp, line 784]
Event: 0.499 Thread 0x000002670b645520 Exception <a 'java/lang/NoSuchMethodError'{0x0000000712d52558}: 'int java.lang.invoke.DirectMethodHandle$Holder.invokeStaticInit(java.lang.Object, double, double)'> (0x0000000712d52558) 
thrown [s\src\hotspot\share\interpreter\linkResolver.cpp, line 784]
Event: 0.499 Thread 0x000002670b645520 Exception <a 'java/lang/NoSuchMethodError'{0x0000000712d56be0}: 'int java.lang.invoke.DirectMethodHandle$Holder.invokeStatic(java.lang.Object, long)'> (0x0000000712d56be0) 
thrown [s\src\hotspot\share\interpreter\linkResolver.cpp, line 784]
Event: 0.504 Thread 0x000002670b645520 Exception <a 'java/lang/NoSuchMethodError'{0x0000000712d80bf8}: 'java.lang.Object java.lang.invoke.DirectMethodHandle$Holder.invokeSpecial(java.lang.Object, java.lang.Object, int, java.lang.Object, java.lang.Object)'> (0x0000000712d80bf8) 
thrown [s\src\hotspot\share\interpreter\linkResolver.cpp, line 784]
Event: 0.505 Thread 0x000002670b645520 Exception <a 'java/lang/NoSuchMethodError'{0x0000000712d84588}: 'java.lang.Object java.lang.invoke.DelegatingMethodHandle$Holder.delegate(java.lang.Object, int, java.lang.Object, java.lang.Object)'> (0x0000000712d84588) 
thrown [s\src\hotspot\share\interpreter\linkResolver.cpp, line 784]
Event: 0.508 Thread 0x000002670b645520 Exception <a 'java/lang/NoSuchMethodError'{0x0000000712d938a8}: 'int java.lang.invoke.Invokers$Holder.linkToTargetMethod(java.lang.Object, java.lang.Object, java.lang.Object)'> (0x0000000712d938a8) 
thrown [s\src\hotspot\share\interpreter\linkResolver.cpp, line 784]
Event: 0.512 Thread 0x000002670b645520 Exception <a 'java/lang/NoSuchMethodError'{0x0000000712dc5a50}: 'long java.lang.invoke.DirectMethodHandle$Holder.invokeSpecial(java.lang.Object, java.lang.Object)'> (0x0000000712dc5a50) 
thrown [s\src\hotspot\share\interpreter\linkResolver.cpp, line 784]
Event: 0.513 Thread 0x000002670b645520 Exception <a 'java/lang/NoSuchMethodError'{0x0000000712dcc320}: 'int java.lang.invoke.DirectMethodHandle$Holder.invokeStatic(java.lang.Object, java.lang.Object, java.lang.Object, java.lang.Object)'> (0x0000000712dcc320) 
thrown [s\src\hotspot\share\interpreter\linkResolver.cpp, line 784]
Event: 0.514 Thread 0x000002670b645520 Exception <a 'java/lang/NoSuchMethodError'{0x0000000712dcf740}: 'java.lang.Object java.lang.invoke.Invokers$Holder.invokeExact_MT(java.lang.Object, java.lang.Object, java.lang.Object, java.lang.Object, java.lang.Object, java.lang.Object)'> (0x0000000712dcf740) 
thrown [s\src\hotspot\share\interpreter\linkResolver.cpp, line 784]
Event: 0.628 Thread 0x000002670b645520 Exception <a 'java/lang/NoSuchMethodError'{0x0000000712b8cbf0}: 'java.lang.Object java.lang.invoke.DirectMethodHandle$Holder.newInvokeSpecial(java.lang.Object, java.lang.Object, java.lang.Object, java.lang.Object, java.lang.Object)'> (0x0000000712b8cbf0) 
thrown [s\src\hotspot\share\interpreter\linkResolver.cpp, line 784]

ZGC Phase Switch (0 events):
No events

VM Operations (7 events):
Event: 0.087 Executing VM operation: HandshakeAllThreads (Deoptimize)
Event: 0.087 Executing VM operation: HandshakeAllThreads (Deoptimize) done
Event: 0.094 Executing VM operation: HandshakeAllThreads (Deoptimize)
Event: 0.094 Executing VM operation: HandshakeAllThreads (Deoptimize) done
Event: 0.286 Executing VM operation: HandshakeAllThreads (Deoptimize)
Event: 0.286 Executing VM operation: HandshakeAllThreads (Deoptimize) done
Event: 1.295 Executing VM operation: Cleanup

Memory protections (0 events):
No events

Nmethod flushes (0 events):
No events

Events (19 events):
Event: 0.039 Thread 0x000002670b645520 Thread added: 0x000002670b645520
Event: 0.053 Thread 0x000002670b645520 Thread added: 0x000002672833c740
Event: 0.053 Thread 0x000002670b645520 Thread added: 0x000002672833f2a0
Event: 0.053 Thread 0x000002670b645520 Thread added: 0x00000267283468c0
Event: 0.053 Thread 0x000002670b645520 Thread added: 0x00000267283478d0
Event: 0.053 Thread 0x000002670b645520 Thread added: 0x0000026728350ea0
Event: 0.053 Thread 0x000002670b645520 Thread added: 0x0000026728352590
Event: 0.053 Thread 0x000002670b645520 Thread added: 0x0000026728354290
Event: 0.053 Thread 0x000002670b645520 Thread added: 0x000002676e0100a0
Event: 0.071 Thread 0x000002670b645520 Thread added: 0x000002676e164bd0
Event: 0.074 Thread 0x000002670b645520 Thread added: 0x000002676e169410
Event: 0.077 Loaded shared library C:\Program Files\JetBrains\IntelliJ IDEA 2025.1.2\jbr\bin\net.dll
Event: 0.079 Loaded shared library C:\Program Files\JetBrains\IntelliJ IDEA 2025.1.2\jbr\bin\nio.dll
Event: 0.082 Loaded shared library C:\Program Files\JetBrains\IntelliJ IDEA 2025.1.2\jbr\bin\zip.dll
Event: 0.144 Loaded shared library C:\Program Files\JetBrains\IntelliJ IDEA 2025.1.2\jbr\bin\jimage.dll
Event: 0.151 Loaded shared library C:\Program Files\JetBrains\IntelliJ IDEA 2025.1.2\jbr\bin\sunmscapi.dll
Event: 0.458 Thread 0x000002676e0100a0 Thread added: 0x000002676e266980
Event: 0.614 Loaded shared library C:\Program Files\JetBrains\IntelliJ IDEA 2025.1.2\jbr\bin\extnet.dll
Event: 0.622 Thread 0x000002670b645520 Thread added: 0x000002676ea1a4a0


Dynamic libraries:
0x00007ff662110000 - 0x00007ff66211a000 	C:\Program Files\JetBrains\IntelliJ IDEA 2025.1.2\jbr\bin\java.exe
0x00007ffc7f060000 - 0x00007ffc7f2c7000 	C:\WINDOWS\SYSTEM32\ntdll.dll
0x00007ffc7ea40000 - 0x00007ffc7eb09000 	C:\WINDOWS\System32\KERNEL32.DLL
0x00007ffc7c5e0000 - 0x00007ffc7c9cf000 	C:\WINDOWS\System32\KERNELBASE.dll
0x00007ffc7c400000 - 0x00007ffc7c54b000 	C:\WINDOWS\System32\ucrtbase.dll
0x00007ffc66d40000 - 0x00007ffc66d58000 	C:\Program Files\JetBrains\IntelliJ IDEA 2025.1.2\jbr\bin\jli.dll
0x00007ffc68930000 - 0x00007ffc6894b000 	C:\Program Files\JetBrains\IntelliJ IDEA 2025.1.2\jbr\bin\VCRUNTIME140.dll
0x00007ffc7ce00000 - 0x00007ffc7cfc5000 	C:\WINDOWS\System32\USER32.dll
0x00007ffc5c120000 - 0x00007ffc5c3b3000 	C:\WINDOWS\WinSxS\amd64_microsoft.windows.common-controls_6595b64144ccf1df_6.0.26100.7309_none_3e05feeae336a044\COMCTL32.dll
0x00007ffc7c1b0000 - 0x00007ffc7c1d7000 	C:\WINDOWS\System32\win32u.dll
0x00007ffc7e050000 - 0x00007ffc7e0f9000 	C:\WINDOWS\System32\msvcrt.dll
0x00007ffc7eed0000 - 0x00007ffc7eefb000 	C:\WINDOWS\System32\GDI32.dll
0x00007ffc7c9e0000 - 0x00007ffc7cb0c000 	C:\WINDOWS\System32\gdi32full.dll
0x00007ffc7c350000 - 0x00007ffc7c3f3000 	C:\WINDOWS\System32\msvcp_win.dll
0x00007ffc7d480000 - 0x00007ffc7d4b1000 	C:\WINDOWS\System32\IMM32.DLL
0x00007ffc73c50000 - 0x00007ffc73c5c000 	C:\Program Files\JetBrains\IntelliJ IDEA 2025.1.2\jbr\bin\vcruntime140_1.dll
0x00007ffc2a620000 - 0x00007ffc2a6ad000 	C:\Program Files\JetBrains\IntelliJ IDEA 2025.1.2\jbr\bin\msvcp140.dll
0x00007ffb908e0000 - 0x00007ffb916a1000 	C:\Program Files\JetBrains\IntelliJ IDEA 2025.1.2\jbr\bin\server\jvm.dll
0x00007ffc7d3c0000 - 0x00007ffc7d474000 	C:\WINDOWS\System32\ADVAPI32.dll
0x00007ffc7e800000 - 0x00007ffc7e8a6000 	C:\WINDOWS\System32\sechost.dll
0x00007ffc7de30000 - 0x00007ffc7df48000 	C:\WINDOWS\System32\RPCRT4.dll
0x00007ffc7eb30000 - 0x00007ffc7eba4000 	C:\WINDOWS\System32\WS2_32.dll
0x00007ffc7c010000 - 0x00007ffc7c06e000 	C:\WINDOWS\SYSTEM32\POWRPROF.dll
0x00007ffc5d360000 - 0x00007ffc5d395000 	C:\WINDOWS\SYSTEM32\WINMM.dll
0x00007ffc6b330000 - 0x00007ffc6b33b000 	C:\WINDOWS\SYSTEM32\VERSION.dll
0x00007ffc7bff0000 - 0x00007ffc7c004000 	C:\WINDOWS\SYSTEM32\UMPDC.dll
0x00007ffc7af20000 - 0x00007ffc7af3b000 	C:\WINDOWS\SYSTEM32\kernel.appcore.dll
0x00007ffc73b90000 - 0x00007ffc73b9a000 	C:\Program Files\JetBrains\IntelliJ IDEA 2025.1.2\jbr\bin\jimage.dll
0x00007ffc75e40000 - 0x00007ffc76082000 	C:\WINDOWS\SYSTEM32\DBGHELP.DLL
0x00007ffc7cfd0000 - 0x00007ffc7d355000 	C:\WINDOWS\System32\combase.dll
0x00007ffc7e8d0000 - 0x00007ffc7e9a6000 	C:\WINDOWS\System32\OLEAUT32.dll
0x00007ffc5ecd0000 - 0x00007ffc5ed0c000 	C:\WINDOWS\SYSTEM32\dbgcore.DLL
0x00007ffc7c1e0000 - 0x00007ffc7c285000 	C:\WINDOWS\System32\bcryptPrimitives.dll
0x00007ffc65ac0000 - 0x00007ffc65ae0000 	C:\Program Files\JetBrains\IntelliJ IDEA 2025.1.2\jbr\bin\java.dll
0x00007ffc7d6d0000 - 0x00007ffc7de23000 	C:\WINDOWS\System32\SHELL32.dll
0x00007ffc7cb10000 - 0x00007ffc7cc7a000 	C:\WINDOWS\System32\wintypes.dll
0x00007ffc79d70000 - 0x00007ffc7a5ce000 	C:\WINDOWS\SYSTEM32\windows.storage.dll
0x00007ffc7df50000 - 0x00007ffc7e045000 	C:\WINDOWS\System32\SHCORE.dll
0x00007ffc7d660000 - 0x00007ffc7d6c6000 	C:\WINDOWS\System32\shlwapi.dll
0x00007ffc7c0d0000 - 0x00007ffc7c0f9000 	C:\WINDOWS\SYSTEM32\profapi.dll
0x00007ffc65a50000 - 0x00007ffc65a68000 	C:\Program Files\JetBrains\IntelliJ IDEA 2025.1.2\jbr\bin\zip.dll
0x00007ffc66cc0000 - 0x00007ffc66cd0000 	C:\Program Files\JetBrains\IntelliJ IDEA 2025.1.2\jbr\bin\net.dll
0x00007ffc71e70000 - 0x00007ffc71f98000 	C:\WINDOWS\SYSTEM32\WINHTTP.dll
0x00007ffc7b470000 - 0x00007ffc7b4db000 	C:\WINDOWS\system32\mswsock.dll
0x00007ffc62ca0000 - 0x00007ffc62cb6000 	C:\Program Files\JetBrains\IntelliJ IDEA 2025.1.2\jbr\bin\nio.dll
0x00007ffc62b30000 - 0x00007ffc62b3e000 	C:\Program Files\JetBrains\IntelliJ IDEA 2025.1.2\jbr\bin\sunmscapi.dll
0x00007ffc7cc80000 - 0x00007ffc7cdf7000 	C:\WINDOWS\System32\CRYPT32.dll
0x00007ffc7b9b0000 - 0x00007ffc7b9e0000 	C:\WINDOWS\SYSTEM32\ncrypt.dll
0x00007ffc7b960000 - 0x00007ffc7b99f000 	C:\WINDOWS\SYSTEM32\NTASN1.dll
0x00007ffc7b860000 - 0x00007ffc7b87b000 	C:\WINDOWS\SYSTEM32\CRYPTSP.dll
0x00007ffc7ae80000 - 0x00007ffc7aeba000 	C:\WINDOWS\system32\rsaenh.dll
0x00007ffc7b520000 - 0x00007ffc7b54b000 	C:\WINDOWS\SYSTEM32\USERENV.dll
0x00007ffc7c0a0000 - 0x00007ffc7c0ca000 	C:\WINDOWS\SYSTEM32\bcrypt.dll
0x00007ffc7b6c0000 - 0x00007ffc7b6cc000 	C:\WINDOWS\SYSTEM32\CRYPTBASE.dll
0x00007ffc7a960000 - 0x00007ffc7a994000 	C:\WINDOWS\SYSTEM32\IPHLPAPI.DLL
0x00007ffc7ef00000 - 0x00007ffc7ef0a000 	C:\WINDOWS\System32\NSI.dll
0x00007ffc63980000 - 0x00007ffc63988000 	C:\WINDOWS\system32\wshunix.dll
0x00007ffc62b20000 - 0x00007ffc62b29000 	C:\Program Files\JetBrains\IntelliJ IDEA 2025.1.2\jbr\bin\extnet.dll

dbghelp: loaded successfully - version: 4.0.5 - missing functions: none
symbol engine: initialized successfully - sym options: 0x614 - pdb path: .;C:\Program Files\JetBrains\IntelliJ IDEA 2025.1.2\jbr\bin;C:\WINDOWS\SYSTEM32;C:\WINDOWS\WinSxS\amd64_microsoft.windows.common-controls_6595b64144ccf1df_6.0.26100.7309_none_3e05feeae336a044;C:\Program Files\JetBrains\IntelliJ IDEA 2025.1.2\jbr\bin\server

VM Arguments:
java_command: git4idea.http.GitAskPassApp Username for 'https://github.com': 
java_class_path (initial): C:/Program Files/JetBrains/IntelliJ IDEA 2025.1.2/plugins/vcs-git/lib/git4idea-rt.jar;C:/Program Files/JetBrains/IntelliJ IDEA 2025.1.2/lib/externalProcess-rt.jar
Launcher Type: SUN_STANDARD

[Global flags]
     intx CICompilerCount                          = 4                                         {product} {ergonomic}
     uint ConcGCThreads                            = 3                                         {product} {ergonomic}
     uint G1ConcRefinementThreads                  = 10                                        {product} {ergonomic}
   size_t G1HeapRegionSize                         = 2097152                                   {product} {ergonomic}
    uintx GCDrainStackTargetSize                   = 64                                        {product} {ergonomic}
   size_t InitialHeapSize                          = 266338304                                 {product} {ergonomic}
   size_t MarkStackSize                            = 4194304                                   {product} {ergonomic}
   size_t MaxHeapSize                              = 4238344192                                {product} {ergonomic}
   size_t MaxNewSize                               = 2541748224                                {product} {ergonomic}
   size_t MinHeapDeltaBytes                        = 2097152                                   {product} {ergonomic}
   size_t MinHeapSize                              = 8388608                                   {product} {ergonomic}
    uintx NonNMethodCodeHeapSize                   = 5839372                                {pd product} {ergonomic}
    uintx NonProfiledCodeHeapSize                  = 122909434                              {pd product} {ergonomic}
    uintx ProfiledCodeHeapSize                     = 122909434                              {pd product} {ergonomic}
    uintx ReservedCodeCacheSize                    = 251658240                              {pd product} {ergonomic}
     bool SegmentedCodeCache                       = true                                      {product} {ergonomic}
   size_t SoftMaxHeapSize                          = 4238344192                             {manageable} {ergonomic}
     bool UseCompressedOops                        = true                           {product lp64_product} {ergonomic}
     bool UseG1GC                                  = true                                      {product} {ergonomic}
     bool UseLargePagesIndividualAllocation        = false                                  {pd product} {ergonomic}

Logging:
Log output configuration:
 #0: stdout all=warning uptime,level,tags foldmultilines=false
 #1: stderr all=off uptime,level,tags foldmultilines=false

Environment Variables:
JAVA_HOME=C:\Program Files\Java\jdk-21
PATH=C:\Program Files\Git\mingw64\libexec\git-core;C:\Program Files\Git\mingw64\libexec\git-core;C:\Program Files\Git\mingw64\bin;C:\Program Files\Git\usr\bin;C:\Users\Pro\bin;C:\Program Files\Common Files\Oracle\Java\javapath;C:\Program Files (x86)\Common Files\Oracle\Java\javapath;C:\WINDOWS\system32;C:\WINDOWS;C:\WINDOWS\System32\Wbem;C:\WINDOWS\System32\WindowsPowerShell\v1.0;C:\WINDOWS\System32\OpenSSH;C:\Program Files\Intel\WiFi\bin;C:\Program Files\Common Files\Intel\WirelessCommon;C:\Program Files (x86)\AOMEI;C:\Program Files\Git\cmd;C:\Program Files\nodejs;C:\Program Files\PowerShell\7;C:\Program Files\Java\jdk-21\bin;C:\Users\Pro\AppData\Local\Programs\Python\Python313\Scripts;C:\Users\Pro\AppData\Local\Programs\Python\Python313;C:\Users\Pro\AppData\Local\Programs\Python\Launcher;C:\Users\Pro\AppData\Local\Microsoft\WindowsApps;C:\Program Files\JetBrains\IntelliJ IDEA 2025.1.2\bin;C:\Users\Pro\AppData\Roaming\npm;C:\Users\Pro\AppData\Local\Programs\Microsoft VS Code\bin;C:\apache-maven-3.9.11\bin
USERNAME=Pro
DISPLAY=:0.0
LC_ALL=en_US.UTF-8
TERM=xterm-256color
TMPDIR=C:\Users\Pro\AppData\Local\Temp
OS=Windows_NT
PROCESSOR_IDENTIFIER=Intel64 Family 6 Model 158 Stepping 13, GenuineIntel
TMP=C:\Users\Pro\AppData\Local\Temp
TEMP=C:\Users\Pro\AppData\Local\Temp




Periodic native trim disabled

JNI global refs:
JNI global refs: 19, weak refs: 0

JNI global refs memory usage: 835, weak refs: 201

Process memory usage:
Resident Set Size: 66608K (0% of 16553888K total physical memory with 477904K free physical memory)

OOME stack traces (most recent first):
Classloader memory used:
Loader bootstrap                                                                       : 4951K
Loader jdk.internal.loader.ClassLoaders$PlatformClassLoader                            : 1085K
Loader jdk.internal.loader.ClassLoaders$AppClassLoader                                 : 16400B

---------------  S Y S T E M  ---------------

OS:
 Windows 11 , 64 bit Build 26100 (10.0.26100.7309)
OS uptime: 13 days 10:01 hours
Hyper-V role detected

CPU: total 12 (initial active 12) (6 cores per cpu, 2 threads per core) family 6 model 158 stepping 13 microcode 0xfa, cx8, cmov, fxsr, ht, mmx, 3dnowpref, sse, sse2, sse3, ssse3, sse4.1, sse4.2, popcnt, lzcnt, tsc, tscinvbit, avx, avx2, aes, erms, clmul, bmi1, bmi2, adx, fma, vzeroupper, clflush, clflushopt, hv, rdtscp, f16c
Processor Information for the first 12 processors :
  Max Mhz: 2592, Current Mhz: 2592, Mhz Limit: 2592

Memory: 4k page, system-wide physical 16165M (467M free)
TotalPageFile size 46520M (AvailPageFile size 143M)
current process WorkingSet (physical memory assigned to process): 65M, peak: 65M
current process commit charge ("private bytes"): 353M, peak: 354M

vm_info: OpenJDK 64-Bit Server VM (21.0.7+9-b895.130) for windows-amd64 JRE (21.0.7+9-b895.130), built on 2025-05-13 by "builduser" with MS VC++ 16.10 / 16.11 (VS2019)

END.
